<?xml version="1.0" encoding="UTF-8"?>
<!-- Generated by org.testng.reporters.JUnitReportReporter -->
<testsuite hostname="EPINHYDW075E" failures="0" tests="3" name="com.epam.programsPortal.testScripts.web.regression.HomePageTest" time="2.335" errors="0" timestamp="2021-05-15T16:43:12 IST" skipped="0">
  <testcase classname="com.epam.programsPortal.testScripts.web.regression.HomePageTest" name="checkIsHomePageOpened" time="0.690"/>
  <system-out/>
  <testcase classname="com.epam.programsPortal.testScripts.web.regression.HomePageTest" name="openburgerMenuTest" time="0.740"/>
  <system-out/>
  <testcase classname="com.epam.programsPortal.testScripts.web.regression.HomePageTest" name="openMasterDataManagementTest" time="0.905"/>
  <system-out/>
</testsuite> <!-- com.epam.programsPortal.testScripts.web.regression.HomePageTest -->
