<?xml version="1.0" encoding="UTF-8"?>
<!-- Generated by org.testng.reporters.JUnitReportReporter -->
<testsuite hostname="EPINHYDW075E" failures="0" tests="5" name="com.epam.programsPortal.testScripts.web.smoke.SignupSmokeTest" time="0.318" errors="0" timestamp="2021-05-15T16:43:12 IST" skipped="0">
  <testcase classname="com.epam.programsPortal.testScripts.web.smoke.SignupSmokeTest" name="checkPasswordFieldDisplayed" time="0.032"/>
  <system-out/>
  <testcase classname="com.epam.programsPortal.testScripts.web.smoke.SignupSmokeTest" name="checkEmailFieldDisplayed" time="0.060"/>
  <system-out/>
  <testcase classname="com.epam.programsPortal.testScripts.web.smoke.SignupSmokeTest" name="checkSignUpButtonEnabled" time="0.043"/>
  <system-out/>
  <testcase classname="com.epam.programsPortal.testScripts.web.smoke.SignupSmokeTest" name="checkIsSignUpPageOpened" time="0.093"/>
  <system-out/>
  <testcase classname="com.epam.programsPortal.testScripts.web.smoke.SignupSmokeTest" name="checkCancelLinkTextAppears" time="0.090"/>
  <system-out/>
</testsuite> <!-- com.epam.programsPortal.testScripts.web.smoke.SignupSmokeTest -->
