<?xml version="1.0" encoding="UTF-8"?>
<!-- Generated by org.testng.reporters.JUnitReportReporter -->
<testsuite hostname="EPINHYDW075E" failures="0" tests="4" name="com.epam.programsPortal.testScripts.web.regression.SignInTest" time="6.322" errors="0" timestamp="2021-05-15T16:43:12 IST" skipped="0">
  <testcase classname="com.epam.programsPortal.testScripts.web.regression.SignInTest" name="openSignInPageTest" time="0.145"/>
  <system-out/>
  <testcase classname="com.epam.programsPortal.testScripts.web.regression.SignInTest" name="signInTest" time="2.053"/>
  <system-out/>
  <testcase classname="com.epam.programsPortal.testScripts.web.regression.SignInTest" name="signInTest" time="2.180"/>
  <system-out/>
  <testcase classname="com.epam.programsPortal.testScripts.web.regression.SignInTest" name="signInTest" time="1.944"/>
  <system-out/>
</testsuite> <!-- com.epam.programsPortal.testScripts.web.regression.SignInTest -->
