<?xml version="1.0" encoding="UTF-8"?>
<!-- Generated by org.testng.reporters.JUnitReportReporter -->
<testsuite hostname="EPINHYDW075E" failures="0" tests="3" name="com.epam.programsPortal.testScripts.HomePageTest" time="2.049" errors="0" timestamp="4 May 2021 06:31:53 GMT">
  <testcase classname="com.epam.programsPortal.testScripts.HomePageTest" name="openMasterDataManagementTest" time="0.900"/>
  <testcase classname="com.epam.programsPortal.testScripts.HomePageTest" name="checkIsHomePageOpened" time="0.730"/>
  <testcase classname="com.epam.programsPortal.testScripts.HomePageTest" name="openburgerMenuTest" time="0.419"/>
</testsuite> <!-- com.epam.programsPortal.testScripts.HomePageTest -->
