<?xml version="1.0" encoding="UTF-8"?>
<!-- Generated by org.testng.reporters.JUnitReportReporter -->
<testsuite hostname="EPINHYDW075E" failures="0" tests="3" name="com.epam.programsPortal.testScripts.web.regression.AddCTest" time="10.836" errors="0" timestamp="2021-05-15T16:43:12 IST" skipped="0">
  <testcase classname="com.epam.programsPortal.testScripts.web.regression.AddCTest" name="addCollege" time="3.749"/>
  <system-out/>
  <testcase classname="com.epam.programsPortal.testScripts.web.regression.AddCTest" name="addCollege" time="4.454"/>
  <system-out/>
  <testcase classname="com.epam.programsPortal.testScripts.web.regression.AddCTest" name="addCollege" time="2.633"/>
  <system-out/>
</testsuite> <!-- com.epam.programsPortal.testScripts.web.regression.AddCTest -->
