<?xml version="1.0" encoding="UTF-8"?>
<!-- Generated by org.testng.reporters.JUnitReportReporter -->
<testsuite hostname="EPINHYDW075E" failures="0" tests="3" name="com.epam.programsPortal.testScripts.AddCollegePageTest" time="10.629" errors="0" timestamp="4 May 2021 06:31:53 GMT">
  <testcase classname="com.epam.programsPortal.testScripts.AddCollegePageTest" name="addCollege" time="3.293"/>
  <testcase classname="com.epam.programsPortal.testScripts.AddCollegePageTest" name="addCollege" time="3.351"/>
  <testcase classname="com.epam.programsPortal.testScripts.AddCollegePageTest" name="addCollege" time="3.985"/>
</testsuite> <!-- com.epam.programsPortal.testScripts.AddCollegePageTest -->
