<?xml version="1.0" encoding="UTF-8"?>
<!-- Generated by org.testng.reporters.JUnitReportReporter -->
<testsuite hostname="EPINHYDW075E" failures="0" tests="3" name="com.epam.programsPortal.testScripts.web.smoke.HomePageSmokeTest" time="0.792" errors="0" timestamp="2021-05-15T16:43:12 IST" skipped="0">
  <testcase classname="com.epam.programsPortal.testScripts.web.smoke.HomePageSmokeTest" name="checkIsHomePageOpened" time="0.688"/>
  <system-out/>
  <testcase classname="com.epam.programsPortal.testScripts.web.smoke.HomePageSmokeTest" name="checkBatchSearchDropDownElementDisplayed" time="0.040"/>
  <system-out/>
  <testcase classname="com.epam.programsPortal.testScripts.web.smoke.HomePageSmokeTest" name="checkProfiledropDownElementDisplayed" time="0.064"/>
  <system-out/>
</testsuite> <!-- com.epam.programsPortal.testScripts.web.smoke.HomePageSmokeTest -->
