<?xml version="1.0" encoding="UTF-8"?>
<!-- Generated by org.testng.reporters.JUnitReportReporter -->
<testsuite hostname="EPINHYDW075E" failures="0" tests="4" name="com.epam.programsPortal.testScripts.web.regression.SignUpTest" time="5.609" errors="0" timestamp="2021-05-15T16:43:12 IST" skipped="0">
  <testcase classname="com.epam.programsPortal.testScripts.web.regression.SignUpTest" name="openSignUpPageTest" time="0.147"/>
  <system-out/>
  <testcase classname="com.epam.programsPortal.testScripts.web.regression.SignUpTest" name="signUpTest" time="2.916"/>
  <system-out/>
  <testcase classname="com.epam.programsPortal.testScripts.web.regression.SignUpTest" name="signUpTest" time="1.414"/>
  <system-out/>
  <testcase classname="com.epam.programsPortal.testScripts.web.regression.SignUpTest" name="signUpTest" time="1.132"/>
  <system-out/>
</testsuite> <!-- com.epam.programsPortal.testScripts.web.regression.SignUpTest -->
