<?xml version="1.0" encoding="UTF-8"?>
<!-- Generated by org.testng.reporters.JUnitReportReporter -->
<testsuite hostname="EPINHYDW075E" failures="0" tests="2" name="com.epam.programsPortal.testScripts.CollegesPageTest" time="2.775" errors="0" timestamp="4 May 2021 06:31:53 GMT">
  <testcase classname="com.epam.programsPortal.testScripts.CollegesPageTest" name="openCollegesPageTest" time="2.007"/>
  <testcase classname="com.epam.programsPortal.testScripts.CollegesPageTest" name="openAddCollegePageTest" time="0.768"/>
</testsuite> <!-- com.epam.programsPortal.testScripts.CollegesPageTest -->
