<?xml version="1.0" encoding="UTF-8"?>
<!-- Generated by org.testng.reporters.JUnitReportReporter -->
<testsuite hostname="EPINHYDW075E" failures="0" tests="4" name="com.epam.programsPortal.testScripts.SignInTest" time="6.418" errors="0" timestamp="4 May 2021 06:31:53 GMT">
  <testcase classname="com.epam.programsPortal.testScripts.SignInTest" name="openSignInPageTest" time="0.080"/>
  <testcase classname="com.epam.programsPortal.testScripts.SignInTest" name="signInTest" time="1.980"/>
  <testcase classname="com.epam.programsPortal.testScripts.SignInTest" name="signInTest" time="2.124"/>
  <testcase classname="com.epam.programsPortal.testScripts.SignInTest" name="signInTest" time="2.234"/>
</testsuite> <!-- com.epam.programsPortal.testScripts.SignInTest -->
