<?xml version="1.0" encoding="UTF-8"?>
<!-- Generated by org.testng.reporters.JUnitReportReporter -->
<testsuite hostname="EPINHYDW075E" failures="0" tests="5" name="com.epam.programsPortal.testScripts.web.smoke.SignInSmokeTest" time="0.184" errors="0" timestamp="2021-05-15T16:43:12 IST" skipped="0">
  <testcase classname="com.epam.programsPortal.testScripts.web.smoke.SignInSmokeTest" name="checkPasswordFieldDisplayed" time="0.032"/>
  <system-out/>
  <testcase classname="com.epam.programsPortal.testScripts.web.smoke.SignInSmokeTest" name="checkIsSignInPageOpened" time="0.048"/>
  <system-out/>
  <testcase classname="com.epam.programsPortal.testScripts.web.smoke.SignInSmokeTest" name="checkEmailFieldDisplayed" time="0.048"/>
  <system-out/>
  <testcase classname="com.epam.programsPortal.testScripts.web.smoke.SignInSmokeTest" name="checkSignInButtonEnabled" time="0.024"/>
  <system-out/>
  <testcase classname="com.epam.programsPortal.testScripts.web.smoke.SignInSmokeTest" name="chekSignUpLinkTextDisplayed" time="0.032"/>
  <system-out/>
</testsuite> <!-- com.epam.programsPortal.testScripts.web.smoke.SignInSmokeTest -->
