<?xml version="1.0" encoding="UTF-8"?>
<!-- Generated by org.testng.reporters.JUnitReportReporter -->
<testsuite hostname="EPINHYDW075E" failures="0" tests="4" name="com.epam.programsPortal.testScripts.SignUpTest" time="5.357" errors="0" timestamp="4 May 2021 06:31:53 GMT">
  <testcase classname="com.epam.programsPortal.testScripts.SignUpTest" name="signUpTest" time="1.305"/>
  <testcase classname="com.epam.programsPortal.testScripts.SignUpTest" name="signUpTest" time="2.604"/>
  <testcase classname="com.epam.programsPortal.testScripts.SignUpTest" name="openSignUpPageTest" time="0.163"/>
  <testcase classname="com.epam.programsPortal.testScripts.SignUpTest" name="signUpTest" time="1.285"/>
</testsuite> <!-- com.epam.programsPortal.testScripts.SignUpTest -->
